<?xml version="1.0" encoding="UTF-8"?>
<testsuites name="LoginTests" time="142.733" tests="13" failures="0" errors="0">
   <testsuite name="LoginTests" tests="13" failures="0" errors="0" time="142.733" skipped="0" timestamp="2022-03-18 14:18:56" hostname="thami - DESKTOP-F2RQ6N2" id="Test Suites/LoginTests">
      <properties>
         <property name="deviceName" value=""/>
         <property name="devicePlatform" value=""/>
         <property name="logFolder" value="C:\\Users\\thami\\Documents\\GitHub\\ERPx_Katalon\\Reports\\20220318_141841\\LoginTests\\20220318_141846"/>
         <property name="logFiles" value="C:\\Users\\thami\\Documents\\GitHub\\ERPx_Katalon\\Reports\\20220318_141841\\LoginTests\\20220318_141846\\execution0.log"/>
         <property name="attachments" value=""/>
         <property name="hostName" value="thami - DESKTOP-F2RQ6N2"/>
         <property name="os" value="Windows 10 64bit"/>
         <property name="katalonVersion" value="8.2.5.208"/>
         <property name="browser" value="Edge Chromium 99"/>
         <property name="hostAddress" value="192.168.0.15"/>
         <property name="sessionId" value="bba0839fd7586fff2c461b97cd141001"/>
         <property name="seleniumVersion" value="3.141.59"/>
         <property name="proxyInformation" value="ProxyInformation { proxyOption=NO_PROXY, proxyServerType=HTTP, username=, password=********, proxyServerAddress=, proxyServerPort=0, executionList=&quot;&quot;, isApplyToDesiredCapabilities=true }"/>
         <property name="platform" value="Windows 10"/>
      </properties>
      <testcase name="Test Cases/Login/Negative/Failed login" time="24.761" classname="Test Cases/Login/Negative/Failed login" status="PASSED">
         <system-out><![CDATA[2022-03-18 14:18:57 - [TEST_CASE][PASSED] - Test Cases/Login/Negative/Failed login: Test Cases/Login/Negative/Failed login

2022-03-18 14:19:02 - [TEST_STEP][PASSED] - openBrowser(""): Browser is opened with url: ''

2022-03-18 14:19:02 - [MESSAGE][INFO] - Starting 'Edge Chromium' driver

2022-03-18 14:19:05 - [MESSAGE][INFO] - Action delay is set to 0 milliseconds

2022-03-18 14:19:12 - [MESSAGE][PASSED] - Browser is opened with url: ''

2022-03-18 14:19:12 - [TEST_STEP][PASSED] - navigateToUrl("https://indmodsan.unit4.com/SDX_PSO/Login/Login.aspx?ReturnUrl=%2fSDX_PSO%2f"): Navigate to 'https://indmodsan.unit4.com/SDX_PSO/Login/Login.aspx?ReturnUrl=%2fSDX_PSO%2f' successfully

2022-03-18 14:19:14 - [MESSAGE][PASSED] - Navigate to 'https://indmodsan.unit4.com/SDX_PSO/Login/Login.aspx?ReturnUrl=%2fSDX_PSO%2f' successfully

2022-03-18 14:19:14 - [TEST_STEP][PASSED] - setText(findTestObject("Page_Login - Unit4 ERP/input_User name_ctl10name"), UserName): Text '123' is set on object 'Object Repository/Page_Login - Unit4 ERP/input_User name_ctl10name'

2022-03-18 14:19:15 - [MESSAGE][PASSED] - Text '123' is set on object 'Object Repository/Page_Login - Unit4 ERP/input_User name_ctl10name'

2022-03-18 14:19:15 - [TEST_STEP][PASSED] - setText(findTestObject("Page_Login - Unit4 ERP/input_Client_ctl10client"), Client): Text '123' is set on object 'Object Repository/Page_Login - Unit4 ERP/input_Client_ctl10client'

2022-03-18 14:19:16 - [MESSAGE][PASSED] - Text '123' is set on object 'Object Repository/Page_Login - Unit4 ERP/input_Client_ctl10client'

2022-03-18 14:19:16 - [TEST_STEP][PASSED] - setText(findTestObject("Page_Login - Unit4 ERP/input_Password_ctl10password"), Password): Text '123' is set on object 'Object Repository/Page_Login - Unit4 ERP/input_Password_ctl10password'

2022-03-18 14:19:18 - [MESSAGE][PASSED] - Text '123' is set on object 'Object Repository/Page_Login - Unit4 ERP/input_Password_ctl10password'

2022-03-18 14:19:18 - [TEST_STEP][PASSED] - click(findTestObject("Page_Login - Unit4 ERP/Login_Button")): Object: 'Object Repository/Page_Login - Unit4 ERP/Login_Button' is clicked on

2022-03-18 14:19:20 - [MESSAGE][PASSED] - Object: 'Object Repository/Page_Login - Unit4 ERP/Login_Button' is clicked on

2022-03-18 14:19:20 - [TEST_STEP][PASSED] - verifyElementPresent(findTestObject("Page_Login - Unit4 ERP/td"), 0): Object 'Object Repository/Page_Login - Unit4 ERP/td' is present

2022-03-18 14:19:20 - [MESSAGE][WARNING] - Timeout '0' is invalid. Using default page load timeout: '30'

2022-03-18 14:19:21 - [MESSAGE][PASSED] - Object 'Object Repository/Page_Login - Unit4 ERP/td' is present

2022-03-18 14:19:21 - [TEST_STEP][PASSED] - closeBrowser(): Browser is closed

2022-03-18 14:19:22 - [MESSAGE][PASSED] - Browser is closed]]></system-out>
         <system-err><![CDATA[]]></system-err>
      </testcase>
      <testcase name="Test Cases/Login/Negative/Failed login" time="10.714" classname="Test Cases/Login/Negative/Failed login" status="PASSED">
         <system-out><![CDATA[2022-03-18 14:19:22 - [TEST_CASE][PASSED] - Test Cases/Login/Negative/Failed login: Test Cases/Login/Negative/Failed login

2022-03-18 14:19:22 - [TEST_STEP][PASSED] - openBrowser(""): Browser is opened with url: ''

2022-03-18 14:19:22 - [MESSAGE][INFO] - Starting 'Edge Chromium' driver

2022-03-18 14:19:24 - [MESSAGE][INFO] - Action delay is set to 0 milliseconds

2022-03-18 14:19:25 - [MESSAGE][PASSED] - Browser is opened with url: ''

2022-03-18 14:19:25 - [TEST_STEP][PASSED] - navigateToUrl("https://indmodsan.unit4.com/SDX_PSO/Login/Login.aspx?ReturnUrl=%2fSDX_PSO%2f"): Navigate to 'https://indmodsan.unit4.com/SDX_PSO/Login/Login.aspx?ReturnUrl=%2fSDX_PSO%2f' successfully

2022-03-18 14:19:27 - [MESSAGE][PASSED] - Navigate to 'https://indmodsan.unit4.com/SDX_PSO/Login/Login.aspx?ReturnUrl=%2fSDX_PSO%2f' successfully

2022-03-18 14:19:27 - [TEST_STEP][PASSED] - setText(findTestObject("Page_Login - Unit4 ERP/input_User name_ctl10name"), UserName): Text '123' is set on object 'Object Repository/Page_Login - Unit4 ERP/input_User name_ctl10name'

2022-03-18 14:19:28 - [MESSAGE][PASSED] - Text '123' is set on object 'Object Repository/Page_Login - Unit4 ERP/input_User name_ctl10name'

2022-03-18 14:19:28 - [TEST_STEP][PASSED] - setText(findTestObject("Page_Login - Unit4 ERP/input_Client_ctl10client"), Client): Text '123' is set on object 'Object Repository/Page_Login - Unit4 ERP/input_Client_ctl10client'

2022-03-18 14:19:29 - [MESSAGE][PASSED] - Text '123' is set on object 'Object Repository/Page_Login - Unit4 ERP/input_Client_ctl10client'

2022-03-18 14:19:29 - [TEST_STEP][PASSED] - setText(findTestObject("Page_Login - Unit4 ERP/input_Password_ctl10password"), Password): Text '123' is set on object 'Object Repository/Page_Login - Unit4 ERP/input_Password_ctl10password'

2022-03-18 14:19:29 - [MESSAGE][PASSED] - Text '123' is set on object 'Object Repository/Page_Login - Unit4 ERP/input_Password_ctl10password'

2022-03-18 14:19:29 - [TEST_STEP][PASSED] - click(findTestObject("Page_Login - Unit4 ERP/Login_Button")): Object: 'Object Repository/Page_Login - Unit4 ERP/Login_Button' is clicked on

2022-03-18 14:19:31 - [MESSAGE][PASSED] - Object: 'Object Repository/Page_Login - Unit4 ERP/Login_Button' is clicked on

2022-03-18 14:19:31 - [TEST_STEP][PASSED] - verifyElementPresent(findTestObject("Page_Login - Unit4 ERP/td"), 0): Object 'Object Repository/Page_Login - Unit4 ERP/td' is present

2022-03-18 14:19:31 - [MESSAGE][WARNING] - Timeout '0' is invalid. Using default page load timeout: '30'

2022-03-18 14:19:31 - [MESSAGE][PASSED] - Object 'Object Repository/Page_Login - Unit4 ERP/td' is present

2022-03-18 14:19:31 - [TEST_STEP][PASSED] - closeBrowser(): Browser is closed

2022-03-18 14:19:32 - [MESSAGE][PASSED] - Browser is closed]]></system-out>
         <system-err><![CDATA[]]></system-err>
      </testcase>
      <testcase name="Test Cases/Login/Negative/Failed login" time="10.044" classname="Test Cases/Login/Negative/Failed login" status="PASSED">
         <system-out><![CDATA[2022-03-18 14:19:32 - [TEST_CASE][PASSED] - Test Cases/Login/Negative/Failed login: Test Cases/Login/Negative/Failed login

2022-03-18 14:19:33 - [TEST_STEP][PASSED] - openBrowser(""): Browser is opened with url: ''

2022-03-18 14:19:33 - [MESSAGE][INFO] - Starting 'Edge Chromium' driver

2022-03-18 14:19:35 - [MESSAGE][INFO] - Action delay is set to 0 milliseconds

2022-03-18 14:19:36 - [MESSAGE][PASSED] - Browser is opened with url: ''

2022-03-18 14:19:36 - [TEST_STEP][PASSED] - navigateToUrl("https://indmodsan.unit4.com/SDX_PSO/Login/Login.aspx?ReturnUrl=%2fSDX_PSO%2f"): Navigate to 'https://indmodsan.unit4.com/SDX_PSO/Login/Login.aspx?ReturnUrl=%2fSDX_PSO%2f' successfully

2022-03-18 14:19:37 - [MESSAGE][PASSED] - Navigate to 'https://indmodsan.unit4.com/SDX_PSO/Login/Login.aspx?ReturnUrl=%2fSDX_PSO%2f' successfully

2022-03-18 14:19:37 - [TEST_STEP][PASSED] - setText(findTestObject("Page_Login - Unit4 ERP/input_User name_ctl10name"), UserName): Text '123' is set on object 'Object Repository/Page_Login - Unit4 ERP/input_User name_ctl10name'

2022-03-18 14:19:38 - [MESSAGE][PASSED] - Text '123' is set on object 'Object Repository/Page_Login - Unit4 ERP/input_User name_ctl10name'

2022-03-18 14:19:38 - [TEST_STEP][PASSED] - setText(findTestObject("Page_Login - Unit4 ERP/input_Client_ctl10client"), Client): Text '123' is set on object 'Object Repository/Page_Login - Unit4 ERP/input_Client_ctl10client'

2022-03-18 14:19:39 - [MESSAGE][PASSED] - Text '123' is set on object 'Object Repository/Page_Login - Unit4 ERP/input_Client_ctl10client'

2022-03-18 14:19:39 - [TEST_STEP][PASSED] - setText(findTestObject("Page_Login - Unit4 ERP/input_Password_ctl10password"), Password): Text '123' is set on object 'Object Repository/Page_Login - Unit4 ERP/input_Password_ctl10password'

2022-03-18 14:19:40 - [MESSAGE][PASSED] - Text '123' is set on object 'Object Repository/Page_Login - Unit4 ERP/input_Password_ctl10password'

2022-03-18 14:19:40 - [TEST_STEP][PASSED] - click(findTestObject("Page_Login - Unit4 ERP/Login_Button")): Object: 'Object Repository/Page_Login - Unit4 ERP/Login_Button' is clicked on

2022-03-18 14:19:41 - [MESSAGE][PASSED] - Object: 'Object Repository/Page_Login - Unit4 ERP/Login_Button' is clicked on

2022-03-18 14:19:41 - [TEST_STEP][PASSED] - verifyElementPresent(findTestObject("Page_Login - Unit4 ERP/td"), 0): Object 'Object Repository/Page_Login - Unit4 ERP/td' is present

2022-03-18 14:19:41 - [MESSAGE][WARNING] - Timeout '0' is invalid. Using default page load timeout: '30'

2022-03-18 14:19:41 - [MESSAGE][PASSED] - Object 'Object Repository/Page_Login - Unit4 ERP/td' is present

2022-03-18 14:19:41 - [TEST_STEP][PASSED] - closeBrowser(): Browser is closed

2022-03-18 14:19:42 - [MESSAGE][PASSED] - Browser is closed]]></system-out>
         <system-err><![CDATA[]]></system-err>
      </testcase>
      <testcase name="Test Cases/Login/Negative/Failed login" time="12.226" classname="Test Cases/Login/Negative/Failed login" status="PASSED">
         <system-out><![CDATA[2022-03-18 14:19:42 - [TEST_CASE][PASSED] - Test Cases/Login/Negative/Failed login: Test Cases/Login/Negative/Failed login

2022-03-18 14:19:43 - [TEST_STEP][PASSED] - openBrowser(""): Browser is opened with url: ''

2022-03-18 14:19:43 - [MESSAGE][INFO] - Starting 'Edge Chromium' driver

2022-03-18 14:19:45 - [MESSAGE][INFO] - Action delay is set to 0 milliseconds

2022-03-18 14:19:46 - [MESSAGE][PASSED] - Browser is opened with url: ''

2022-03-18 14:19:46 - [TEST_STEP][PASSED] - navigateToUrl("https://indmodsan.unit4.com/SDX_PSO/Login/Login.aspx?ReturnUrl=%2fSDX_PSO%2f"): Navigate to 'https://indmodsan.unit4.com/SDX_PSO/Login/Login.aspx?ReturnUrl=%2fSDX_PSO%2f' successfully

2022-03-18 14:19:47 - [MESSAGE][PASSED] - Navigate to 'https://indmodsan.unit4.com/SDX_PSO/Login/Login.aspx?ReturnUrl=%2fSDX_PSO%2f' successfully

2022-03-18 14:19:47 - [TEST_STEP][PASSED] - setText(findTestObject("Page_Login - Unit4 ERP/input_User name_ctl10name"), UserName): Text '123' is set on object 'Object Repository/Page_Login - Unit4 ERP/input_User name_ctl10name'

2022-03-18 14:19:48 - [MESSAGE][PASSED] - Text '123' is set on object 'Object Repository/Page_Login - Unit4 ERP/input_User name_ctl10name'

2022-03-18 14:19:48 - [TEST_STEP][PASSED] - setText(findTestObject("Page_Login - Unit4 ERP/input_Client_ctl10client"), Client): Text '123' is set on object 'Object Repository/Page_Login - Unit4 ERP/input_Client_ctl10client'

2022-03-18 14:19:49 - [MESSAGE][PASSED] - Text '123' is set on object 'Object Repository/Page_Login - Unit4 ERP/input_Client_ctl10client'

2022-03-18 14:19:49 - [TEST_STEP][PASSED] - setText(findTestObject("Page_Login - Unit4 ERP/input_Password_ctl10password"), Password): Text '123' is set on object 'Object Repository/Page_Login - Unit4 ERP/input_Password_ctl10password'

2022-03-18 14:19:49 - [MESSAGE][PASSED] - Text '123' is set on object 'Object Repository/Page_Login - Unit4 ERP/input_Password_ctl10password'

2022-03-18 14:19:49 - [TEST_STEP][PASSED] - click(findTestObject("Page_Login - Unit4 ERP/Login_Button")): Object: 'Object Repository/Page_Login - Unit4 ERP/Login_Button' is clicked on

2022-03-18 14:19:51 - [MESSAGE][PASSED] - Object: 'Object Repository/Page_Login - Unit4 ERP/Login_Button' is clicked on

2022-03-18 14:19:51 - [TEST_STEP][PASSED] - verifyElementPresent(findTestObject("Page_Login - Unit4 ERP/td"), 0): Object 'Object Repository/Page_Login - Unit4 ERP/td' is present

2022-03-18 14:19:51 - [MESSAGE][WARNING] - Timeout '0' is invalid. Using default page load timeout: '30'

2022-03-18 14:19:52 - [MESSAGE][PASSED] - Object 'Object Repository/Page_Login - Unit4 ERP/td' is present

2022-03-18 14:19:52 - [TEST_STEP][PASSED] - closeBrowser(): Browser is closed

2022-03-18 14:19:55 - [MESSAGE][PASSED] - Browser is closed]]></system-out>
         <system-err><![CDATA[]]></system-err>
      </testcase>
      <testcase name="Test Cases/Login/Negative/Failed login" time="10.425" classname="Test Cases/Login/Negative/Failed login" status="PASSED">
         <system-out><![CDATA[2022-03-18 14:19:55 - [TEST_CASE][PASSED] - Test Cases/Login/Negative/Failed login: Test Cases/Login/Negative/Failed login

2022-03-18 14:19:55 - [TEST_STEP][PASSED] - openBrowser(""): Browser is opened with url: ''

2022-03-18 14:19:55 - [MESSAGE][INFO] - Starting 'Edge Chromium' driver

2022-03-18 14:19:57 - [MESSAGE][INFO] - Action delay is set to 0 milliseconds

2022-03-18 14:19:58 - [MESSAGE][PASSED] - Browser is opened with url: ''

2022-03-18 14:19:58 - [TEST_STEP][PASSED] - navigateToUrl("https://indmodsan.unit4.com/SDX_PSO/Login/Login.aspx?ReturnUrl=%2fSDX_PSO%2f"): Navigate to 'https://indmodsan.unit4.com/SDX_PSO/Login/Login.aspx?ReturnUrl=%2fSDX_PSO%2f' successfully

2022-03-18 14:19:59 - [MESSAGE][PASSED] - Navigate to 'https://indmodsan.unit4.com/SDX_PSO/Login/Login.aspx?ReturnUrl=%2fSDX_PSO%2f' successfully

2022-03-18 14:19:59 - [TEST_STEP][PASSED] - setText(findTestObject("Page_Login - Unit4 ERP/input_User name_ctl10name"), UserName): Text '123' is set on object 'Object Repository/Page_Login - Unit4 ERP/input_User name_ctl10name'

2022-03-18 14:20:00 - [MESSAGE][PASSED] - Text '123' is set on object 'Object Repository/Page_Login - Unit4 ERP/input_User name_ctl10name'

2022-03-18 14:20:00 - [TEST_STEP][PASSED] - setText(findTestObject("Page_Login - Unit4 ERP/input_Client_ctl10client"), Client): Text '123' is set on object 'Object Repository/Page_Login - Unit4 ERP/input_Client_ctl10client'

2022-03-18 14:20:01 - [MESSAGE][PASSED] - Text '123' is set on object 'Object Repository/Page_Login - Unit4 ERP/input_Client_ctl10client'

2022-03-18 14:20:01 - [TEST_STEP][PASSED] - setText(findTestObject("Page_Login - Unit4 ERP/input_Password_ctl10password"), Password): Text '123' is set on object 'Object Repository/Page_Login - Unit4 ERP/input_Password_ctl10password'

2022-03-18 14:20:02 - [MESSAGE][PASSED] - Text '123' is set on object 'Object Repository/Page_Login - Unit4 ERP/input_Password_ctl10password'

2022-03-18 14:20:02 - [TEST_STEP][PASSED] - click(findTestObject("Page_Login - Unit4 ERP/Login_Button")): Object: 'Object Repository/Page_Login - Unit4 ERP/Login_Button' is clicked on

2022-03-18 14:20:04 - [MESSAGE][PASSED] - Object: 'Object Repository/Page_Login - Unit4 ERP/Login_Button' is clicked on

2022-03-18 14:20:04 - [TEST_STEP][PASSED] - verifyElementPresent(findTestObject("Page_Login - Unit4 ERP/td"), 0): Object 'Object Repository/Page_Login - Unit4 ERP/td' is present

2022-03-18 14:20:04 - [MESSAGE][WARNING] - Timeout '0' is invalid. Using default page load timeout: '30'

2022-03-18 14:20:04 - [MESSAGE][PASSED] - Object 'Object Repository/Page_Login - Unit4 ERP/td' is present

2022-03-18 14:20:04 - [TEST_STEP][PASSED] - closeBrowser(): Browser is closed

2022-03-18 14:20:05 - [MESSAGE][PASSED] - Browser is closed]]></system-out>
         <system-err><![CDATA[]]></system-err>
      </testcase>
      <testcase name="Test Cases/Login/Negative/Failed login" time="12.36" classname="Test Cases/Login/Negative/Failed login" status="PASSED">
         <system-out><![CDATA[2022-03-18 14:20:05 - [TEST_CASE][PASSED] - Test Cases/Login/Negative/Failed login: Test Cases/Login/Negative/Failed login

2022-03-18 14:20:05 - [TEST_STEP][PASSED] - openBrowser(""): Browser is opened with url: ''

2022-03-18 14:20:05 - [MESSAGE][INFO] - Starting 'Edge Chromium' driver

2022-03-18 14:20:07 - [MESSAGE][INFO] - Action delay is set to 0 milliseconds

2022-03-18 14:20:08 - [MESSAGE][PASSED] - Browser is opened with url: ''

2022-03-18 14:20:08 - [TEST_STEP][PASSED] - navigateToUrl("https://indmodsan.unit4.com/SDX_PSO/Login/Login.aspx?ReturnUrl=%2fSDX_PSO%2f"): Navigate to 'https://indmodsan.unit4.com/SDX_PSO/Login/Login.aspx?ReturnUrl=%2fSDX_PSO%2f' successfully

2022-03-18 14:20:11 - [MESSAGE][PASSED] - Navigate to 'https://indmodsan.unit4.com/SDX_PSO/Login/Login.aspx?ReturnUrl=%2fSDX_PSO%2f' successfully

2022-03-18 14:20:11 - [TEST_STEP][PASSED] - setText(findTestObject("Page_Login - Unit4 ERP/input_User name_ctl10name"), UserName): Text '123' is set on object 'Object Repository/Page_Login - Unit4 ERP/input_User name_ctl10name'

2022-03-18 14:20:12 - [MESSAGE][PASSED] - Text '123' is set on object 'Object Repository/Page_Login - Unit4 ERP/input_User name_ctl10name'

2022-03-18 14:20:12 - [TEST_STEP][PASSED] - setText(findTestObject("Page_Login - Unit4 ERP/input_Client_ctl10client"), Client): Text '123' is set on object 'Object Repository/Page_Login - Unit4 ERP/input_Client_ctl10client'

2022-03-18 14:20:13 - [MESSAGE][PASSED] - Text '123' is set on object 'Object Repository/Page_Login - Unit4 ERP/input_Client_ctl10client'

2022-03-18 14:20:13 - [TEST_STEP][PASSED] - setText(findTestObject("Page_Login - Unit4 ERP/input_Password_ctl10password"), Password): Text '123' is set on object 'Object Repository/Page_Login - Unit4 ERP/input_Password_ctl10password'

2022-03-18 14:20:13 - [MESSAGE][PASSED] - Text '123' is set on object 'Object Repository/Page_Login - Unit4 ERP/input_Password_ctl10password'

2022-03-18 14:20:13 - [TEST_STEP][PASSED] - click(findTestObject("Page_Login - Unit4 ERP/Login_Button")): Object: 'Object Repository/Page_Login - Unit4 ERP/Login_Button' is clicked on

2022-03-18 14:20:15 - [MESSAGE][PASSED] - Object: 'Object Repository/Page_Login - Unit4 ERP/Login_Button' is clicked on

2022-03-18 14:20:15 - [TEST_STEP][PASSED] - verifyElementPresent(findTestObject("Page_Login - Unit4 ERP/td"), 0): Object 'Object Repository/Page_Login - Unit4 ERP/td' is present

2022-03-18 14:20:15 - [MESSAGE][WARNING] - Timeout '0' is invalid. Using default page load timeout: '30'

2022-03-18 14:20:16 - [MESSAGE][PASSED] - Object 'Object Repository/Page_Login - Unit4 ERP/td' is present

2022-03-18 14:20:16 - [TEST_STEP][PASSED] - closeBrowser(): Browser is closed

2022-03-18 14:20:17 - [MESSAGE][PASSED] - Browser is closed]]></system-out>
         <system-err><![CDATA[]]></system-err>
      </testcase>
      <testcase name="Test Cases/Login/Negative/Failed login" time="10.917" classname="Test Cases/Login/Negative/Failed login" status="PASSED">
         <system-out><![CDATA[2022-03-18 14:20:17 - [TEST_CASE][PASSED] - Test Cases/Login/Negative/Failed login: Test Cases/Login/Negative/Failed login

2022-03-18 14:20:18 - [TEST_STEP][PASSED] - openBrowser(""): Browser is opened with url: ''

2022-03-18 14:20:18 - [MESSAGE][INFO] - Starting 'Edge Chromium' driver

2022-03-18 14:20:20 - [MESSAGE][INFO] - Action delay is set to 0 milliseconds

2022-03-18 14:20:21 - [MESSAGE][PASSED] - Browser is opened with url: ''

2022-03-18 14:20:21 - [TEST_STEP][PASSED] - navigateToUrl("https://indmodsan.unit4.com/SDX_PSO/Login/Login.aspx?ReturnUrl=%2fSDX_PSO%2f"): Navigate to 'https://indmodsan.unit4.com/SDX_PSO/Login/Login.aspx?ReturnUrl=%2fSDX_PSO%2f' successfully

2022-03-18 14:20:22 - [MESSAGE][PASSED] - Navigate to 'https://indmodsan.unit4.com/SDX_PSO/Login/Login.aspx?ReturnUrl=%2fSDX_PSO%2f' successfully

2022-03-18 14:20:22 - [TEST_STEP][PASSED] - setText(findTestObject("Page_Login - Unit4 ERP/input_User name_ctl10name"), UserName): Text '123' is set on object 'Object Repository/Page_Login - Unit4 ERP/input_User name_ctl10name'

2022-03-18 14:20:23 - [MESSAGE][PASSED] - Text '123' is set on object 'Object Repository/Page_Login - Unit4 ERP/input_User name_ctl10name'

2022-03-18 14:20:23 - [TEST_STEP][PASSED] - setText(findTestObject("Page_Login - Unit4 ERP/input_Client_ctl10client"), Client): Text '123' is set on object 'Object Repository/Page_Login - Unit4 ERP/input_Client_ctl10client'

2022-03-18 14:20:24 - [MESSAGE][PASSED] - Text '123' is set on object 'Object Repository/Page_Login - Unit4 ERP/input_Client_ctl10client'

2022-03-18 14:20:24 - [TEST_STEP][PASSED] - setText(findTestObject("Page_Login - Unit4 ERP/input_Password_ctl10password"), Password): Text '123' is set on object 'Object Repository/Page_Login - Unit4 ERP/input_Password_ctl10password'

2022-03-18 14:20:24 - [MESSAGE][PASSED] - Text '123' is set on object 'Object Repository/Page_Login - Unit4 ERP/input_Password_ctl10password'

2022-03-18 14:20:24 - [TEST_STEP][PASSED] - click(findTestObject("Page_Login - Unit4 ERP/Login_Button")): Object: 'Object Repository/Page_Login - Unit4 ERP/Login_Button' is clicked on

2022-03-18 14:20:27 - [MESSAGE][PASSED] - Object: 'Object Repository/Page_Login - Unit4 ERP/Login_Button' is clicked on

2022-03-18 14:20:27 - [TEST_STEP][PASSED] - verifyElementPresent(findTestObject("Page_Login - Unit4 ERP/td"), 0): Object 'Object Repository/Page_Login - Unit4 ERP/td' is present

2022-03-18 14:20:27 - [MESSAGE][WARNING] - Timeout '0' is invalid. Using default page load timeout: '30'

2022-03-18 14:20:27 - [MESSAGE][PASSED] - Object 'Object Repository/Page_Login - Unit4 ERP/td' is present

2022-03-18 14:20:27 - [TEST_STEP][PASSED] - closeBrowser(): Browser is closed

2022-03-18 14:20:28 - [MESSAGE][PASSED] - Browser is closed]]></system-out>
         <system-err><![CDATA[]]></system-err>
      </testcase>
      <testcase name="Test Cases/Login/Negative/Failed login" time="8.458" classname="Test Cases/Login/Negative/Failed login" status="PASSED">
         <system-out><![CDATA[2022-03-18 14:20:28 - [TEST_CASE][PASSED] - Test Cases/Login/Negative/Failed login: Test Cases/Login/Negative/Failed login

2022-03-18 14:20:29 - [TEST_STEP][PASSED] - openBrowser(""): Browser is opened with url: ''

2022-03-18 14:20:29 - [MESSAGE][INFO] - Starting 'Edge Chromium' driver

2022-03-18 14:20:29 - [MESSAGE][INFO] - Action delay is set to 0 milliseconds

2022-03-18 14:20:31 - [MESSAGE][PASSED] - Browser is opened with url: ''

2022-03-18 14:20:31 - [TEST_STEP][PASSED] - navigateToUrl("https://indmodsan.unit4.com/SDX_PSO/Login/Login.aspx?ReturnUrl=%2fSDX_PSO%2f"): Navigate to 'https://indmodsan.unit4.com/SDX_PSO/Login/Login.aspx?ReturnUrl=%2fSDX_PSO%2f' successfully

2022-03-18 14:20:32 - [MESSAGE][PASSED] - Navigate to 'https://indmodsan.unit4.com/SDX_PSO/Login/Login.aspx?ReturnUrl=%2fSDX_PSO%2f' successfully

2022-03-18 14:20:32 - [TEST_STEP][PASSED] - setText(findTestObject("Page_Login - Unit4 ERP/input_User name_ctl10name"), UserName): Text '123' is set on object 'Object Repository/Page_Login - Unit4 ERP/input_User name_ctl10name'

2022-03-18 14:20:33 - [MESSAGE][PASSED] - Text '123' is set on object 'Object Repository/Page_Login - Unit4 ERP/input_User name_ctl10name'

2022-03-18 14:20:33 - [TEST_STEP][PASSED] - setText(findTestObject("Page_Login - Unit4 ERP/input_Client_ctl10client"), Client): Text '123' is set on object 'Object Repository/Page_Login - Unit4 ERP/input_Client_ctl10client'

2022-03-18 14:20:33 - [MESSAGE][PASSED] - Text '123' is set on object 'Object Repository/Page_Login - Unit4 ERP/input_Client_ctl10client'

2022-03-18 14:20:33 - [TEST_STEP][PASSED] - setText(findTestObject("Page_Login - Unit4 ERP/input_Password_ctl10password"), Password): Text '123' is set on object 'Object Repository/Page_Login - Unit4 ERP/input_Password_ctl10password'

2022-03-18 14:20:34 - [MESSAGE][PASSED] - Text '123' is set on object 'Object Repository/Page_Login - Unit4 ERP/input_Password_ctl10password'

2022-03-18 14:20:34 - [TEST_STEP][PASSED] - click(findTestObject("Page_Login - Unit4 ERP/Login_Button")): Object: 'Object Repository/Page_Login - Unit4 ERP/Login_Button' is clicked on

2022-03-18 14:20:35 - [MESSAGE][PASSED] - Object: 'Object Repository/Page_Login - Unit4 ERP/Login_Button' is clicked on

2022-03-18 14:20:35 - [TEST_STEP][PASSED] - verifyElementPresent(findTestObject("Page_Login - Unit4 ERP/td"), 0): Object 'Object Repository/Page_Login - Unit4 ERP/td' is present

2022-03-18 14:20:36 - [MESSAGE][WARNING] - Timeout '0' is invalid. Using default page load timeout: '30'

2022-03-18 14:20:36 - [MESSAGE][PASSED] - Object 'Object Repository/Page_Login - Unit4 ERP/td' is present

2022-03-18 14:20:36 - [TEST_STEP][PASSED] - closeBrowser(): Browser is closed

2022-03-18 14:20:37 - [MESSAGE][PASSED] - Browser is closed]]></system-out>
         <system-err><![CDATA[]]></system-err>
      </testcase>
      <testcase name="Test Cases/Login/Negative/Failed login" time="8.015" classname="Test Cases/Login/Negative/Failed login" status="PASSED">
         <system-out><![CDATA[2022-03-18 14:20:37 - [TEST_CASE][PASSED] - Test Cases/Login/Negative/Failed login: Test Cases/Login/Negative/Failed login

2022-03-18 14:20:37 - [TEST_STEP][PASSED] - openBrowser(""): Browser is opened with url: ''

2022-03-18 14:20:37 - [MESSAGE][INFO] - Starting 'Edge Chromium' driver

2022-03-18 14:20:37 - [MESSAGE][INFO] - Action delay is set to 0 milliseconds

2022-03-18 14:20:38 - [MESSAGE][PASSED] - Browser is opened with url: ''

2022-03-18 14:20:38 - [TEST_STEP][PASSED] - navigateToUrl("https://indmodsan.unit4.com/SDX_PSO/Login/Login.aspx?ReturnUrl=%2fSDX_PSO%2f"): Navigate to 'https://indmodsan.unit4.com/SDX_PSO/Login/Login.aspx?ReturnUrl=%2fSDX_PSO%2f' successfully

2022-03-18 14:20:40 - [MESSAGE][PASSED] - Navigate to 'https://indmodsan.unit4.com/SDX_PSO/Login/Login.aspx?ReturnUrl=%2fSDX_PSO%2f' successfully

2022-03-18 14:20:40 - [TEST_STEP][PASSED] - setText(findTestObject("Page_Login - Unit4 ERP/input_User name_ctl10name"), UserName): Text '123' is set on object 'Object Repository/Page_Login - Unit4 ERP/input_User name_ctl10name'

2022-03-18 14:20:41 - [MESSAGE][PASSED] - Text '123' is set on object 'Object Repository/Page_Login - Unit4 ERP/input_User name_ctl10name'

2022-03-18 14:20:41 - [TEST_STEP][PASSED] - setText(findTestObject("Page_Login - Unit4 ERP/input_Client_ctl10client"), Client): Text '123' is set on object 'Object Repository/Page_Login - Unit4 ERP/input_Client_ctl10client'

2022-03-18 14:20:41 - [MESSAGE][PASSED] - Text '123' is set on object 'Object Repository/Page_Login - Unit4 ERP/input_Client_ctl10client'

2022-03-18 14:20:41 - [TEST_STEP][PASSED] - setText(findTestObject("Page_Login - Unit4 ERP/input_Password_ctl10password"), Password): Text '123' is set on object 'Object Repository/Page_Login - Unit4 ERP/input_Password_ctl10password'

2022-03-18 14:20:42 - [MESSAGE][PASSED] - Text '123' is set on object 'Object Repository/Page_Login - Unit4 ERP/input_Password_ctl10password'

2022-03-18 14:20:42 - [TEST_STEP][PASSED] - click(findTestObject("Page_Login - Unit4 ERP/Login_Button")): Object: 'Object Repository/Page_Login - Unit4 ERP/Login_Button' is clicked on

2022-03-18 14:20:43 - [MESSAGE][PASSED] - Object: 'Object Repository/Page_Login - Unit4 ERP/Login_Button' is clicked on

2022-03-18 14:20:43 - [TEST_STEP][PASSED] - verifyElementPresent(findTestObject("Page_Login - Unit4 ERP/td"), 0): Object 'Object Repository/Page_Login - Unit4 ERP/td' is present

2022-03-18 14:20:43 - [MESSAGE][WARNING] - Timeout '0' is invalid. Using default page load timeout: '30'

2022-03-18 14:20:44 - [MESSAGE][PASSED] - Object 'Object Repository/Page_Login - Unit4 ERP/td' is present

2022-03-18 14:20:44 - [TEST_STEP][PASSED] - closeBrowser(): Browser is closed

2022-03-18 14:20:45 - [MESSAGE][PASSED] - Browser is closed]]></system-out>
         <system-err><![CDATA[]]></system-err>
      </testcase>
      <testcase name="Test Cases/Login/Negative/Failed login" time="8.259" classname="Test Cases/Login/Negative/Failed login" status="PASSED">
         <system-out><![CDATA[2022-03-18 14:20:45 - [TEST_CASE][PASSED] - Test Cases/Login/Negative/Failed login: Test Cases/Login/Negative/Failed login

2022-03-18 14:20:45 - [TEST_STEP][PASSED] - openBrowser(""): Browser is opened with url: ''

2022-03-18 14:20:45 - [MESSAGE][INFO] - Starting 'Edge Chromium' driver

2022-03-18 14:20:45 - [MESSAGE][INFO] - Action delay is set to 0 milliseconds

2022-03-18 14:20:46 - [MESSAGE][PASSED] - Browser is opened with url: ''

2022-03-18 14:20:46 - [TEST_STEP][PASSED] - navigateToUrl("https://indmodsan.unit4.com/SDX_PSO/Login/Login.aspx?ReturnUrl=%2fSDX_PSO%2f"): Navigate to 'https://indmodsan.unit4.com/SDX_PSO/Login/Login.aspx?ReturnUrl=%2fSDX_PSO%2f' successfully

2022-03-18 14:20:48 - [MESSAGE][PASSED] - Navigate to 'https://indmodsan.unit4.com/SDX_PSO/Login/Login.aspx?ReturnUrl=%2fSDX_PSO%2f' successfully

2022-03-18 14:20:48 - [TEST_STEP][PASSED] - setText(findTestObject("Page_Login - Unit4 ERP/input_User name_ctl10name"), UserName): Text '123' is set on object 'Object Repository/Page_Login - Unit4 ERP/input_User name_ctl10name'

2022-03-18 14:20:49 - [MESSAGE][PASSED] - Text '123' is set on object 'Object Repository/Page_Login - Unit4 ERP/input_User name_ctl10name'

2022-03-18 14:20:49 - [TEST_STEP][PASSED] - setText(findTestObject("Page_Login - Unit4 ERP/input_Client_ctl10client"), Client): Text '123' is set on object 'Object Repository/Page_Login - Unit4 ERP/input_Client_ctl10client'

2022-03-18 14:20:50 - [MESSAGE][PASSED] - Text '123' is set on object 'Object Repository/Page_Login - Unit4 ERP/input_Client_ctl10client'

2022-03-18 14:20:50 - [TEST_STEP][PASSED] - setText(findTestObject("Page_Login - Unit4 ERP/input_Password_ctl10password"), Password): Text '123' is set on object 'Object Repository/Page_Login - Unit4 ERP/input_Password_ctl10password'

2022-03-18 14:20:50 - [MESSAGE][PASSED] - Text '123' is set on object 'Object Repository/Page_Login - Unit4 ERP/input_Password_ctl10password'

2022-03-18 14:20:50 - [TEST_STEP][PASSED] - click(findTestObject("Page_Login - Unit4 ERP/Login_Button")): Object: 'Object Repository/Page_Login - Unit4 ERP/Login_Button' is clicked on

2022-03-18 14:20:52 - [MESSAGE][PASSED] - Object: 'Object Repository/Page_Login - Unit4 ERP/Login_Button' is clicked on

2022-03-18 14:20:52 - [TEST_STEP][PASSED] - verifyElementPresent(findTestObject("Page_Login - Unit4 ERP/td"), 0): Object 'Object Repository/Page_Login - Unit4 ERP/td' is present

2022-03-18 14:20:52 - [MESSAGE][WARNING] - Timeout '0' is invalid. Using default page load timeout: '30'

2022-03-18 14:20:52 - [MESSAGE][PASSED] - Object 'Object Repository/Page_Login - Unit4 ERP/td' is present

2022-03-18 14:20:52 - [TEST_STEP][PASSED] - closeBrowser(): Browser is closed

2022-03-18 14:20:53 - [MESSAGE][PASSED] - Browser is closed]]></system-out>
         <system-err><![CDATA[]]></system-err>
      </testcase>
      <testcase name="Test Cases/Login/Negative/Failed login" time="7.955" classname="Test Cases/Login/Negative/Failed login" status="PASSED">
         <system-out><![CDATA[2022-03-18 14:20:53 - [TEST_CASE][PASSED] - Test Cases/Login/Negative/Failed login: Test Cases/Login/Negative/Failed login

2022-03-18 14:20:53 - [TEST_STEP][PASSED] - openBrowser(""): Browser is opened with url: ''

2022-03-18 14:20:53 - [MESSAGE][INFO] - Starting 'Edge Chromium' driver

2022-03-18 14:20:54 - [MESSAGE][INFO] - Action delay is set to 0 milliseconds

2022-03-18 14:20:55 - [MESSAGE][PASSED] - Browser is opened with url: ''

2022-03-18 14:20:55 - [TEST_STEP][PASSED] - navigateToUrl("https://indmodsan.unit4.com/SDX_PSO/Login/Login.aspx?ReturnUrl=%2fSDX_PSO%2f"): Navigate to 'https://indmodsan.unit4.com/SDX_PSO/Login/Login.aspx?ReturnUrl=%2fSDX_PSO%2f' successfully

2022-03-18 14:20:56 - [MESSAGE][PASSED] - Navigate to 'https://indmodsan.unit4.com/SDX_PSO/Login/Login.aspx?ReturnUrl=%2fSDX_PSO%2f' successfully

2022-03-18 14:20:56 - [TEST_STEP][PASSED] - setText(findTestObject("Page_Login - Unit4 ERP/input_User name_ctl10name"), UserName): Text '123' is set on object 'Object Repository/Page_Login - Unit4 ERP/input_User name_ctl10name'

2022-03-18 14:20:57 - [MESSAGE][PASSED] - Text '123' is set on object 'Object Repository/Page_Login - Unit4 ERP/input_User name_ctl10name'

2022-03-18 14:20:57 - [TEST_STEP][PASSED] - setText(findTestObject("Page_Login - Unit4 ERP/input_Client_ctl10client"), Client): Text '123' is set on object 'Object Repository/Page_Login - Unit4 ERP/input_Client_ctl10client'

2022-03-18 14:20:58 - [MESSAGE][PASSED] - Text '123' is set on object 'Object Repository/Page_Login - Unit4 ERP/input_Client_ctl10client'

2022-03-18 14:20:58 - [TEST_STEP][PASSED] - setText(findTestObject("Page_Login - Unit4 ERP/input_Password_ctl10password"), Password): Text '123' is set on object 'Object Repository/Page_Login - Unit4 ERP/input_Password_ctl10password'

2022-03-18 14:20:58 - [MESSAGE][PASSED] - Text '123' is set on object 'Object Repository/Page_Login - Unit4 ERP/input_Password_ctl10password'

2022-03-18 14:20:58 - [TEST_STEP][PASSED] - click(findTestObject("Page_Login - Unit4 ERP/Login_Button")): Object: 'Object Repository/Page_Login - Unit4 ERP/Login_Button' is clicked on

2022-03-18 14:21:00 - [MESSAGE][PASSED] - Object: 'Object Repository/Page_Login - Unit4 ERP/Login_Button' is clicked on

2022-03-18 14:21:00 - [TEST_STEP][PASSED] - verifyElementPresent(findTestObject("Page_Login - Unit4 ERP/td"), 0): Object 'Object Repository/Page_Login - Unit4 ERP/td' is present

2022-03-18 14:21:00 - [MESSAGE][WARNING] - Timeout '0' is invalid. Using default page load timeout: '30'

2022-03-18 14:21:00 - [MESSAGE][PASSED] - Object 'Object Repository/Page_Login - Unit4 ERP/td' is present

2022-03-18 14:21:00 - [TEST_STEP][PASSED] - closeBrowser(): Browser is closed

2022-03-18 14:21:01 - [MESSAGE][PASSED] - Browser is closed]]></system-out>
         <system-err><![CDATA[]]></system-err>
      </testcase>
      <testcase name="Test Cases/Login/Negative/Failed login" time="7.707" classname="Test Cases/Login/Negative/Failed login" status="PASSED">
         <system-out><![CDATA[2022-03-18 14:21:01 - [TEST_CASE][PASSED] - Test Cases/Login/Negative/Failed login: Test Cases/Login/Negative/Failed login

2022-03-18 14:21:01 - [TEST_STEP][PASSED] - openBrowser(""): Browser is opened with url: ''

2022-03-18 14:21:01 - [MESSAGE][INFO] - Starting 'Edge Chromium' driver

2022-03-18 14:21:02 - [MESSAGE][INFO] - Action delay is set to 0 milliseconds

2022-03-18 14:21:02 - [MESSAGE][PASSED] - Browser is opened with url: ''

2022-03-18 14:21:02 - [TEST_STEP][PASSED] - navigateToUrl("https://indmodsan.unit4.com/SDX_PSO/Login/Login.aspx?ReturnUrl=%2fSDX_PSO%2f"): Navigate to 'https://indmodsan.unit4.com/SDX_PSO/Login/Login.aspx?ReturnUrl=%2fSDX_PSO%2f' successfully

2022-03-18 14:21:04 - [MESSAGE][PASSED] - Navigate to 'https://indmodsan.unit4.com/SDX_PSO/Login/Login.aspx?ReturnUrl=%2fSDX_PSO%2f' successfully

2022-03-18 14:21:04 - [TEST_STEP][PASSED] - setText(findTestObject("Page_Login - Unit4 ERP/input_User name_ctl10name"), UserName): Text '123' is set on object 'Object Repository/Page_Login - Unit4 ERP/input_User name_ctl10name'

2022-03-18 14:21:05 - [MESSAGE][PASSED] - Text '123' is set on object 'Object Repository/Page_Login - Unit4 ERP/input_User name_ctl10name'

2022-03-18 14:21:05 - [TEST_STEP][PASSED] - setText(findTestObject("Page_Login - Unit4 ERP/input_Client_ctl10client"), Client): Text '123' is set on object 'Object Repository/Page_Login - Unit4 ERP/input_Client_ctl10client'

2022-03-18 14:21:05 - [MESSAGE][PASSED] - Text '123' is set on object 'Object Repository/Page_Login - Unit4 ERP/input_Client_ctl10client'

2022-03-18 14:21:05 - [TEST_STEP][PASSED] - setText(findTestObject("Page_Login - Unit4 ERP/input_Password_ctl10password"), Password): Text '123' is set on object 'Object Repository/Page_Login - Unit4 ERP/input_Password_ctl10password'

2022-03-18 14:21:06 - [MESSAGE][PASSED] - Text '123' is set on object 'Object Repository/Page_Login - Unit4 ERP/input_Password_ctl10password'

2022-03-18 14:21:06 - [TEST_STEP][PASSED] - click(findTestObject("Page_Login - Unit4 ERP/Login_Button")): Object: 'Object Repository/Page_Login - Unit4 ERP/Login_Button' is clicked on

2022-03-18 14:21:07 - [MESSAGE][PASSED] - Object: 'Object Repository/Page_Login - Unit4 ERP/Login_Button' is clicked on

2022-03-18 14:21:07 - [TEST_STEP][PASSED] - verifyElementPresent(findTestObject("Page_Login - Unit4 ERP/td"), 0): Object 'Object Repository/Page_Login - Unit4 ERP/td' is present

2022-03-18 14:21:07 - [MESSAGE][WARNING] - Timeout '0' is invalid. Using default page load timeout: '30'

2022-03-18 14:21:08 - [MESSAGE][PASSED] - Object 'Object Repository/Page_Login - Unit4 ERP/td' is present

2022-03-18 14:21:08 - [TEST_STEP][PASSED] - closeBrowser(): Browser is closed

2022-03-18 14:21:09 - [MESSAGE][PASSED] - Browser is closed]]></system-out>
         <system-err><![CDATA[]]></system-err>
      </testcase>
      <testcase name="Test Cases/Login/Positive/Successful login" time="10.218" classname="Test Cases/Login/Positive/Successful login" status="PASSED">
         <system-out><![CDATA[2022-03-18 14:21:09 - [TEST_CASE][PASSED] - Test Cases/Login/Positive/Successful login: Test Cases/Login/Positive/Successful login

2022-03-18 14:21:10 - [TEST_STEP][PASSED] - openBrowser(""): Browser is opened with url: ''

2022-03-18 14:21:10 - [MESSAGE][INFO] - Starting 'Edge Chromium' driver

2022-03-18 14:21:10 - [MESSAGE][INFO] - Action delay is set to 0 milliseconds

2022-03-18 14:21:11 - [MESSAGE][PASSED] - Browser is opened with url: ''

2022-03-18 14:21:11 - [TEST_STEP][PASSED] - navigateToUrl("https://indmodsan.unit4.com/SDX_PSO/Login/Login.aspx?ReturnUrl=%2fSDX_PSO%2f"): Navigate to 'https://indmodsan.unit4.com/SDX_PSO/Login/Login.aspx?ReturnUrl=%2fSDX_PSO%2f' successfully

2022-03-18 14:21:13 - [MESSAGE][PASSED] - Navigate to 'https://indmodsan.unit4.com/SDX_PSO/Login/Login.aspx?ReturnUrl=%2fSDX_PSO%2f' successfully

2022-03-18 14:21:13 - [TEST_STEP][PASSED] - setText(findTestObject("Page_Login - Unit4 ERP/input_User name_ctl10name"), UserName): Text 'Unit4' is set on object 'Object Repository/Page_Login - Unit4 ERP/input_User name_ctl10name'

2022-03-18 14:21:13 - [MESSAGE][PASSED] - Text 'Unit4' is set on object 'Object Repository/Page_Login - Unit4 ERP/input_User name_ctl10name'

2022-03-18 14:21:13 - [TEST_STEP][PASSED] - setText(findTestObject("Page_Login - Unit4 ERP/input_Client_ctl10client"), Client): Text 'X10' is set on object 'Object Repository/Page_Login - Unit4 ERP/input_Client_ctl10client'

2022-03-18 14:21:14 - [MESSAGE][PASSED] - Text 'X10' is set on object 'Object Repository/Page_Login - Unit4 ERP/input_Client_ctl10client'

2022-03-18 14:21:14 - [TEST_STEP][PASSED] - setText(findTestObject("Page_Login - Unit4 ERP/input_Password_ctl10password"), Password): Text 'ERP7sdx2021%' is set on object 'Object Repository/Page_Login - Unit4 ERP/input_Password_ctl10password'

2022-03-18 14:21:15 - [MESSAGE][PASSED] - Text 'ERP7sdx2021%' is set on object 'Object Repository/Page_Login - Unit4 ERP/input_Password_ctl10password'

2022-03-18 14:21:15 - [TEST_STEP][PASSED] - click(findTestObject("Page_Login - Unit4 ERP/Login_Button")): Object: 'Object Repository/Page_Login - Unit4 ERP/Login_Button' is clicked on

2022-03-18 14:21:17 - [MESSAGE][PASSED] - Object: 'Object Repository/Page_Login - Unit4 ERP/Login_Button' is clicked on

2022-03-18 14:21:17 - [TEST_STEP][PASSED] - verifyElementPresent(findTestObject("Page_Menu - Unit4 ERP/img_PSO 3.1 Global_u4_applicationlogo-1020"), 0): Object 'Object Repository/Page_Menu - Unit4 ERP/img_PSO 3.1 Global_u4_applicationlogo-1020' is present

2022-03-18 14:21:17 - [MESSAGE][WARNING] - Timeout '0' is invalid. Using default page load timeout: '30'

2022-03-18 14:21:19 - [MESSAGE][PASSED] - Object 'Object Repository/Page_Menu - Unit4 ERP/img_PSO 3.1 Global_u4_applicationlogo-1020' is present]]></system-out>
         <system-err><![CDATA[]]></system-err>
      </testcase>
      <system-out><![CDATA[2022-03-18 14:18:56 - [TEST_SUITE][PASSED] - LoginTests: Test Cases/Login/Positive/Successful login]]></system-out>
      <system-err><![CDATA[]]></system-err>
   </testsuite>
</testsuites>
