<?xml version="1.0" encoding="UTF-8"?>
<testsuites name="Nav" time="4.044" tests="0" failures="0" errors="0">
   <testsuite name="Nav" tests="0" failures="0" errors="0" time="4.044" skipped="0" timestamp="2022-03-18 13:39:17" hostname="thami - DESKTOP-F2RQ6N2" id="Test Suites/Nav">
      <properties>
         <property name="deviceName" value=""/>
         <property name="devicePlatform" value=""/>
         <property name="logFolder" value="C:\\Users\\thami\\Documents\\GitHub\\ERPx_Katalon\\Reports\\20220318_133913\\Nav\\20220318_133915"/>
         <property name="logFiles" value="C:\\Users\\thami\\Documents\\GitHub\\ERPx_Katalon\\Reports\\20220318_133913\\Nav\\20220318_133915\\execution0.log"/>
         <property name="attachments" value=""/>
         <property name="hostName" value="thami - DESKTOP-F2RQ6N2"/>
         <property name="hostAddress" value="192.168.0.15"/>
         <property name="os" value="Windows 10 64bit"/>
         <property name="katalonVersion" value="8.2.5.208"/>
      </properties>
      <system-out><![CDATA[2022-03-18 13:39:17 - [TEST_SUITE][PASSED] - Nav: null]]></system-out>
      <system-err><![CDATA[]]></system-err>
   </testsuite>
</testsuites>
